usage: daily_schedule.py [-h] [--run-all] [--morning] [--market-open]
                         [--midday] [--market-close] [--evening] [--collect]
                         [--report]

Daily schedule runner

options:
  -h, --help      show this help message and exit
  --run-all       Run complete schedule
  --morning       Run morning routine
  --market-open   Run market open routine
  --midday        Run midday routine
  --market-close  Run market close routine
  --evening       Run evening analysis
  --collect       Collect data only
  --report        Generate report only
2026-03-29 11:53:45,738 - ERROR - $2953.TW: possibly delisted; no price data found  (period=1d) (Yahoo error = "No data found, symbol may be delisted")
2026-03-29 11:53:45,738 - WARNING - No data returned for 2953
2026-03-29 11:53:45,738 - INFO - Fetching 1 days of data for 2954 from Yahoo Finance...
2026-03-29 11:53:46,757 - ERROR - $2954.TW: possibly delisted; no price data found  (period=1d) (Yahoo error = "No data found, symbol may be delisted")
2026-03-29 11:53:46,757 - WARNING - No data returned for 2954
2026-03-29 11:53:46,758 - INFO - Fetching 1 days of data for 2955 from Yahoo Finance...
2026-03-29 11:53:47,509 - ERROR - $2955.TW: possibly delisted; no price data found  (period=1d) (Yahoo error = "No data found, symbol may be delisted")
2026-03-29 11:53:47,509 - WARNING - No data returned for 2955
2026-03-29 11:53:47,509 - INFO - Fetching 1 days of data for 2956 from Yahoo Finance...
2026-03-29 11:53:48,279 - ERROR - $2956.TW: possibly delisted; no price data found  (period=1d) (Yahoo error = "No data found, symbol may be delisted")
2026-03-29 11:53:48,280 - WARNING - No data returned for 2956
2026-03-29 11:53:48,280 - INFO - Fetching 1 days of data for 2957 from Yahoo Finance...
2026-03-29 11:53:49,168 - ERROR - $2957.TW: possibly delisted; no price data found  (period=1d) (Yahoo error = "No data found, symbol may be delisted")
2026-03-29 11:53:49,169 - WARNING - No data returned for 2957
2026-03-29 11:53:49,169 - INFO - Fetching 1 days of data for 2958 from Yahoo Finance...
2026-03-29 11:53:50,045 - ERROR - $2958.TW: possibly delisted; no price data found  (period=1d) (Yahoo error = "No data found, symbol may be delisted")
2026-03-29 11:53:50,045 - WARNING - No data returned for 2958
2026-03-29 11:53:50,046 - INFO - Fetching 1 days of data for 2959 from Yahoo Finance...
2026-03-29 11:53:50,999 - ERROR - $2959.TW: possibly delisted; no price data found  (period=1d) (Yahoo error = "No data found, symbol may be delisted")
2026-03-29 11:53:50,999 - WARNING - No data returned for 2959
2026-03-29 11:53:51,000 - INFO - Fetching 1 days of data for 2960 from Yahoo Finance...
2026-03-29 11:53:51,771 - ERROR - $2960.TW: possibly delisted; no price data found  (period=1d) (Yahoo error = "No data found, symbol may be delisted")
2026-03-29 11:53:51,772 - WARNING - No data returned for 2960
2026-03-29 11:53:51,772 - INFO - Fetching 1 days of data for 2961 from Yahoo Finance...
2026-03-29 11:53:52,678 - ERROR - $2961.TW: possibly delisted; no price data found  (period=1d) (Yahoo error = "No data found, symbol may be delisted")
2026-03-29 11:53:52,678 - WARNING - No data returned for 2961
2026-03-29 11:53:52,678 - INFO - Fetching 1 days of data for 2962 from Yahoo Finance...
2026-03-29 11:53:53,431 - ERROR - $2962.TW: possibly delisted; no price data found  (period=1d) (Yahoo error = "No data found, symbol may be delisted")
2026-03-29 11:53:53,431 - WARNING - No data returned for 2962
2026-03-29 11:53:53,431 - INFO - Fetching 1 days of data for 2963 from Yahoo Finance...
2026-03-29 11:53:54,268 - ERROR - $2963.TW: possibly delisted; no price data found  (period=1d) (Yahoo error = "No data found, symbol may be delisted")
2026-03-29 11:53:54,269 - WARNING - No data returned for 2963
2026-03-29 11:53:54,269 - INFO - Fetching 1 days of data for 2964 from Yahoo Finance...
2026-03-29 11:53:55,025 - ERROR - $2964.TW: possibly delisted; no price data found  (period=1d) (Yahoo error = "No data found, symbol may be delisted")
2026-03-29 11:53:55,025 - WARNING - No data returned for 2964
2026-03-29 11:53:55,026 - INFO - Fetching 1 days of data for 2965 from Yahoo Finance...
2026-03-29 11:53:55,762 - ERROR - $2965.TW: possibly delisted; no price data found  (period=1d) (Yahoo error = "No data found, symbol may be delisted")
2026-03-29 11:53:55,762 - WARNING - No data returned for 2965
2026-03-29 11:53:55,762 - INFO - Fetching 1 days of data for 2966 from Yahoo Finance...
2026-03-29 11:53:56,506 - ERROR - $2966.TW: possibly delisted; no price data found  (period=1d) (Yahoo error = "No data found, symbol may be delisted")
2026-03-29 11:53:56,506 - WARNING - No data returned for 2966
2026-03-29 11:53:56,506 - INFO - Fetching 1 days of data for 2967 from Yahoo Finance...
2026-03-29 11:53:57,894 - ERROR - $2967.TW: possibly delisted; no price data found  (period=1d) (Yahoo error = "No data found, symbol may be delisted")
2026-03-29 11:53:57,894 - WARNING - No data returned for 2967
2026-03-29 11:53:57,895 - INFO - Fetching 1 days of data for 2968 from Yahoo Finance...
2026-03-29 11:53:59,001 - ERROR - $2968.TW: possibly delisted; no price data found  (period=1d) (Yahoo error = "No data found, symbol may be delisted")
2026-03-29 11:53:59,001 - WARNING - No data returned for 2968
2026-03-29 11:53:59,002 - INFO - Fetching 1 days of data for 2969 from Yahoo Finance...
2026-03-29 11:53:59,754 - ERROR - $2969.TW: possibly delisted; no price data found  (period=1d) (Yahoo error = "No data found, symbol may be delisted")
2026-03-29 11:53:59,754 - WARNING - No data returned for 2969
2026-03-29 11:53:59,754 - INFO - Fetching 1 days of data for 2970 from Yahoo Finance...
2026-03-29 11:54:00,947 - ERROR - $2970.TW: possibly delisted; no price data found  (period=1d) (Yahoo error = "No data found, symbol may be delisted")
2026-03-29 11:54:00,948 - WARNING - No data returned for 2970
2026-03-29 11:54:00,948 - INFO - Fetching 1 days of data for 2971 from Yahoo Finance...
2026-03-29 11:54:01,935 - ERROR - $2971.TW: possibly delisted; no price data found  (period=1d) (Yahoo error = "No data found, symbol may be delisted")
2026-03-29 11:54:01,935 - WARNING - No data returned for 2971
2026-03-29 11:54:01,935 - INFO - Fetching 1 days of data for 2972 from Yahoo Finance...
2026-03-29 11:54:03,054 - ERROR - $2972.TW: possibly delisted; no price data found  (period=1d) (Yahoo error = "No data found, symbol may be delisted")
2026-03-29 11:54:03,055 - WARNING - No data returned for 2972
2026-03-29 11:54:03,055 - INFO - Fetching 1 days of data for 2973 from Yahoo Finance...
2026-03-29 11:54:03,798 - ERROR - $2973.TW: possibly delisted; no price data found  (period=1d) (Yahoo error = "No data found, symbol may be delisted")
2026-03-29 11:54:03,798 - WARNING - No data returned for 2973
2026-03-29 11:54:03,798 - INFO - Fetching 1 days of data for 2974 from Yahoo Finance...
2026-03-29 11:54:04,692 - ERROR - $2974.TW: possibly delisted; no price data found  (period=1d) (Yahoo error = "No data found, symbol may be delisted")
2026-03-29 11:54:04,692 - WARNING - No data returned for 2974
2026-03-29 11:54:04,692 - INFO - Fetching 1 days of data for 2975 from Yahoo Finance...
2026-03-29 11:54:05,646 - ERROR - $2975.TW: possibly delisted; no price data found  (period=1d) (Yahoo error = "No data found, symbol may be delisted")
2026-03-29 11:54:05,646 - WARNING - No data returned for 2975
2026-03-29 11:54:05,646 - INFO - Fetching 1 days of data for 2976 from Yahoo Finance...
2026-03-29 11:54:06,539 - ERROR - $2976.TW: possibly delisted; no price data found  (period=1d) (Yahoo error = "No data found, symbol may be delisted")
2026-03-29 11:54:06,540 - WARNING - No data returned for 2976
2026-03-29 11:54:06,540 - INFO - Fetching 1 days of data for 2977 from Yahoo Finance...
2026-03-29 11:54:07,279 - ERROR - $2977.TW: possibly delisted; no price data found  (period=1d) (Yahoo error = "No data found, symbol may be delisted")
2026-03-29 11:54:07,280 - WARNING - No data returned for 2977
2026-03-29 11:54:07,280 - INFO - Fetching 1 days of data for 2978 from Yahoo Finance...
2026-03-29 11:54:08,377 - ERROR - $2978.TW: possibly delisted; no price data found  (period=1d) (Yahoo error = "No data found, symbol may be delisted")
2026-03-29 11:54:08,377 - WARNING - No data returned for 2978
2026-03-29 11:54:08,377 - INFO - Fetching 1 days of data for 2979 from Yahoo Finance...
2026-03-29 11:54:09,465 - ERROR - $2979.TW: possibly delisted; no price data found  (period=1d) (Yahoo error = "No data found, symbol may be delisted")
2026-03-29 11:54:09,465 - WARNING - No data returned for 2979
2026-03-29 11:54:09,465 - INFO - Fetching 1 days of data for 2980 from Yahoo Finance...
2026-03-29 11:54:10,310 - ERROR - $2980.TW: possibly delisted; no price data found  (period=1d) (Yahoo error = "No data found, symbol may be delisted")
2026-03-29 11:54:10,311 - WARNING - No data returned for 2980
2026-03-29 11:54:10,311 - INFO - Fetching 1 days of data for 2981 from Yahoo Finance...
2026-03-29 11:54:11,099 - ERROR - $2981.TW: possibly delisted; no price data found  (period=1d) (Yahoo error = "No data found, symbol may be delisted")
2026-03-29 11:54:11,100 - WARNING - No data returned for 2981
2026-03-29 11:54:11,100 - INFO - Fetching 1 days of data for 2982 from Yahoo Finance...
2026-03-29 11:54:11,840 - ERROR - $2982.TW: possibly delisted; no price data found  (period=1d) (Yahoo error = "No data found, symbol may be delisted")
2026-03-29 11:54:11,840 - WARNING - No data returned for 2982
2026-03-29 11:54:11,840 - INFO - Fetching 1 days of data for 2983 from Yahoo Finance...
2026-03-29 11:54:12,778 - ERROR - $2983.TW: possibly delisted; no price data found  (period=1d) (Yahoo error = "No data found, symbol may be delisted")
2026-03-29 11:54:12,779 - WARNING - No data returned for 2983
2026-03-29 11:54:12,779 - INFO - Fetching 1 days of data for 2984 from Yahoo Finance...
2026-03-29 11:54:13,712 - ERROR - $2984.TW: possibly delisted; no price data found  (period=1d) (Yahoo error = "No data found, symbol may be delisted")
2026-03-29 11:54:13,712 - WARNING - No data returned for 2984
2026-03-29 11:54:13,712 - INFO - Fetching 1 days of data for 2985 from Yahoo Finance...
2026-03-29 11:54:15,070 - ERROR - $2985.TW: possibly delisted; no price data found  (period=1d) (Yahoo error = "No data found, symbol may be delisted")
2026-03-29 11:54:15,070 - WARNING - No data returned for 2985
2026-03-29 11:54:15,070 - INFO - Fetching 1 days of data for 2986 from Yahoo Finance...
2026-03-29 11:54:16,268 - ERROR - $2986.TW: possibly delisted; no price data found  (period=1d) (Yahoo error = "No data found, symbol may be delisted")
2026-03-29 11:54:16,268 - WARNING - No data returned for 2986
2026-03-29 11:54:16,268 - INFO - Fetching 1 days of data for 2987 from Yahoo Finance...
2026-03-29 11:54:17,439 - ERROR - $2987.TW: possibly delisted; no price data found  (period=1d) (Yahoo error = "No data found, symbol may be delisted")
2026-03-29 11:54:17,439 - WARNING - No data returned for 2987
2026-03-29 11:54:17,439 - INFO - Fetching 1 days of data for 2988 from Yahoo Finance...
2026-03-29 11:54:18,591 - ERROR - $2988.TW: possibly delisted; no price data found  (period=1d) (Yahoo error = "No data found, symbol may be delisted")
2026-03-29 11:54:18,592 - WARNING - No data returned for 2988
2026-03-29 11:54:18,592 - INFO - Fetching 1 days of data for 2989 from Yahoo Finance...
2026-03-29 11:54:19,693 - ERROR - $2989.TW: possibly delisted; no price data found  (period=1d) (Yahoo error = "No data found, symbol may be delisted")
2026-03-29 11:54:19,693 - WARNING - No data returned for 2989
2026-03-29 11:54:19,693 - INFO - Fetching 1 days of data for 2990 from Yahoo Finance...
2026-03-29 11:54:20,506 - ERROR - $2990.TW: possibly delisted; no price data found  (period=1d) (Yahoo error = "No data found, symbol may be delisted")
2026-03-29 11:54:20,507 - WARNING - No data returned for 2990
2026-03-29 11:54:20,507 - INFO - Fetching 1 days of data for 2991 from Yahoo Finance...
2026-03-29 11:54:21,347 - ERROR - $2991.TW: possibly delisted; no price data found  (period=1d) (Yahoo error = "No data found, symbol may be delisted")
2026-03-29 11:54:21,347 - WARNING - No data returned for 2991
2026-03-29 11:54:21,347 - INFO - Fetching 1 days of data for 0050 from Yahoo Finance...
2026-03-29 11:54:21,438 - INFO - ✓ Fetched 1 rows for 0050
2026-03-29 11:54:21,449 - INFO - ✓ Stored 1 records for 0050
2026-03-29 11:54:21,449 - INFO - Fetching 1 days of data for 006208 from Yahoo Finance...
2026-03-29 11:54:21,538 - INFO - ✓ Fetched 1 rows for 006208
2026-03-29 11:54:21,545 - INFO - ✓ Stored 1 records for 006208
2026-03-29 11:54:21,545 - INFO - Fetching 1 days of data for 00888 from Yahoo Finance...
2026-03-29 11:54:22,689 - ERROR - $00888.TW: possibly delisted; no price data found  (period=1d) (Yahoo error = "No data found, symbol may be delisted")
2026-03-29 11:54:22,689 - WARNING - No data returned for 00888
2026-03-29 11:54:22,689 - INFO - Fetching 1 days of data for 00900 from Yahoo Finance...
2026-03-29 11:54:22,774 - INFO - ✓ Fetched 1 rows for 00900
2026-03-29 11:54:22,786 - INFO - ✓ Stored 1 records for 00900
2026-03-29 11:54:22,786 - INFO - Fetching 1 days of data for 00919 from Yahoo Finance...
2026-03-29 11:54:22,864 - INFO - ✓ Fetched 1 rows for 00919
2026-03-29 11:54:22,870 - INFO - ✓ Stored 1 records for 00919
2026-03-29 11:54:22,870 - INFO - Completed: 88/188 stocks fetched
2026-03-29 11:54:22,871 - INFO - Generating morning report...
2026-03-29 11:54:22,872 - INFO - Generating daily report...
2026-03-29 11:54:22,872 - ERROR - Morning routine failed: name 'sqlite3' is not defined
Traceback (most recent call last):
  File "/home/openclaw/.openclaw/workspace-stock/hello-bob/daily_schedule.py", line 57, in run_morning_routine
    report = generate_report()
  File "/home/openclaw/.openclaw/workspace-stock/hello-bob/daily_report.py", line 220, in generate_report
    overview = generate_market_overview()
  File "/home/openclaw/.openclaw/workspace-stock/hello-bob/daily_report.py", line 45, in generate_market_overview
    conn = sqlite3.connect(DB_PATH)
           ^^^^^^^
NameError: name 'sqlite3' is not defined. Did you forget to import 'sqlite3'?
2026-03-29 11:54:22,873 - INFO - ============================================================
2026-03-29 11:54:22,873 - INFO - MARKET OPEN ROUTINE (9:00 AM)
2026-03-29 11:54:22,873 - INFO - ============================================================
2026-03-29 11:54:22,873 - INFO - Analyzing 2330...
2026-03-29 11:54:22,891 - INFO - Analyzing 2317...
2026-03-29 11:54:22,904 - INFO - Analyzing 2454...
2026-03-29 11:54:22,917 - INFO - Analyzing 2881...
2026-03-29 11:54:22,927 - INFO - Analyzing 1301...
2026-03-29 11:54:22,938 - INFO - Generated 2 alerts
2026-03-29 11:54:22,938 - INFO -   - 📉 2317: Strong downtrend (-16.53%)
2026-03-29 11:54:22,938 - INFO -   - 📉 2454: Strong downtrend (-16.58%)
2026-03-29 11:54:22,938 - INFO - ============================================================
2026-03-29 11:54:22,938 - INFO - MIDDAY ROUTINE (12:00 PM)
2026-03-29 11:54:22,938 - INFO - ============================================================
2026-03-29 11:54:22,939 - INFO - Fetching https://www.ptt.cc/bbs/stock/index0.html
2026-03-29 11:54:23,021 - INFO - Fetching https://www.ptt.cc/bbs/stock/index1.html
2026-03-29 11:54:23,071 - INFO - Fetched 20 posts from PTT
2026-03-29 11:54:23,072 - INFO - Midday sentiment - Score: -0.15
2026-03-29 11:54:23,072 - INFO - ============================================================
2026-03-29 11:54:23,072 - INFO - MARKET CLOSE ROUTINE (6:00 PM)
2026-03-29 11:54:23,072 - INFO - ============================================================
2026-03-29 11:54:23,072 - INFO - Collecting final EOD data...
2026-03-29 11:54:23,073 - INFO - Fetching data for 188 stocks...
2026-03-29 11:54:23,073 - INFO - Fetching 1 days of data for 2330 from Yahoo Finance...
2026-03-29 11:54:23,171 - INFO - ✓ Fetched 1 rows for 2330
2026-03-29 11:54:23,178 - INFO - ✓ Stored 1 records for 2330
2026-03-29 11:54:23,178 - INFO - Fetching 1 days of data for 2317 from Yahoo Finance...
2026-03-29 11:54:23,297 - INFO - ✓ Fetched 1 rows for 2317
2026-03-29 11:54:23,304 - INFO - ✓ Stored 1 records for 2317
2026-03-29 11:54:23,304 - INFO - Fetching 1 days of data for 2454 from Yahoo Finance...
2026-03-29 11:54:23,411 - INFO - ✓ Fetched 1 rows for 2454
2026-03-29 11:54:23,420 - INFO - ✓ Stored 1 records for 2454
2026-03-29 11:54:23,420 - INFO - Fetching 1 days of data for 2308 from Yahoo Finance...
2026-03-29 11:54:23,545 - INFO - ✓ Fetched 1 rows for 2308
2026-03-29 11:54:23,556 - INFO - ✓ Stored 1 records for 2308
2026-03-29 11:54:23,556 - INFO - Fetching 1 days of data for 2357 from Yahoo Finance...
2026-03-29 11:54:23,657 - INFO - ✓ Fetched 1 rows for 2357
2026-03-29 11:54:23,664 - INFO - ✓ Stored 1 records for 2357
2026-03-29 11:54:23,664 - INFO - Fetching 1 days of data for 2353 from Yahoo Finance...
2026-03-29 11:54:23,774 - INFO - ✓ Fetched 1 rows for 2353
2026-03-29 11:54:23,784 - INFO - ✓ Stored 1 records for 2353
2026-03-29 11:54:23,784 - INFO - Fetching 1 days of data for 2395 from Yahoo Finance...
2026-03-29 11:54:23,896 - INFO - ✓ Fetched 1 rows for 2395
2026-03-29 11:54:23,909 - INFO - ✓ Stored 1 records for 2395
2026-03-29 11:54:23,909 - INFO - Fetching 1 days of data for 2382 from Yahoo Finance...
2026-03-29 11:54:24,010 - INFO - ✓ Fetched 1 rows for 2382
2026-03-29 11:54:24,018 - INFO - ✓ Stored 1 records for 2382
2026-03-29 11:54:24,019 - INFO - Fetching 1 days of data for 2385 from Yahoo Finance...
2026-03-29 11:54:24,113 - INFO - ✓ Fetched 1 rows for 2385
2026-03-29 11:54:24,120 - INFO - ✓ Stored 1 records for 2385
2026-03-29 11:54:24,120 - INFO - Fetching 1 days of data for 2399 from Yahoo Finance...
2026-03-29 11:54:24,231 - INFO - ✓ Fetched 1 rows for 2399
2026-03-29 11:54:24,243 - INFO - ✓ Stored 1 records for 2399
2026-03-29 11:54:24,243 - INFO - Fetching 1 days of data for 2408 from Yahoo Finance...
2026-03-29 11:54:24,338 - INFO - ✓ Fetched 1 rows for 2408
2026-03-29 11:54:24,343 - INFO - ✓ Stored 1 records for 2408
2026-03-29 11:54:24,343 - INFO - Fetching 1 days of data for 2421 from Yahoo Finance...
2026-03-29 11:54:24,449 - INFO - ✓ Fetched 1 rows for 2421
2026-03-29 11:54:24,459 - INFO - ✓ Stored 1 records for 2421
2026-03-29 11:54:24,459 - INFO - Fetching 1 days of data for 2379 from Yahoo Finance...
2026-03-29 11:54:24,571 - INFO - ✓ Fetched 1 rows for 2379
2026-03-29 11:54:24,576 - INFO - ✓ Stored 1 records for 2379
2026-03-29 11:54:24,576 - INFO - Fetching 1 days of data for 2377 from Yahoo Finance...
2026-03-29 11:54:24,684 - INFO - ✓ Fetched 1 rows for 2377
2026-03-29 11:54:24,694 - INFO - ✓ Stored 1 records for 2377
2026-03-29 11:54:24,694 - INFO - Fetching 1 days of data for 2376 from Yahoo Finance...
2026-03-29 11:54:24,804 - INFO - ✓ Fetched 1 rows for 2376
2026-03-29 11:54:24,816 - INFO - ✓ Stored 1 records for 2376
2026-03-29 11:54:24,816 - INFO - Fetching 1 days of data for 2367 from Yahoo Finance...
2026-03-29 11:54:24,926 - INFO - ✓ Fetched 1 rows for 2367
2026-03-29 11:54:24,936 - INFO - ✓ Stored 1 records for 2367
2026-03-29 11:54:24,936 - INFO - Fetching 1 days of data for 2368 from Yahoo Finance...
2026-03-29 11:54:25,043 - INFO - ✓ Fetched 1 rows for 2368
2026-03-29 11:54:25,052 - INFO - ✓ Stored 1 records for 2368
2026-03-29 11:54:25,052 - INFO - Fetching 1 days of data for 2313 from Yahoo Finance...
2026-03-29 11:54:25,157 - INFO - ✓ Fetched 1 rows for 2313
2026-03-29 11:54:25,166 - INFO - ✓ Stored 1 records for 2313
2026-03-29 11:54:25,166 - INFO - Fetching 1 days of data for 2325 from Yahoo Finance...
2026-03-29 11:54:25,244 - ERROR - $2325.TW: possibly delisted; no price data found  (period=1d)
2026-03-29 11:54:25,244 - WARNING - No data returned for 2325
2026-03-29 11:54:25,244 - INFO - Fetching 1 days of data for 2337 from Yahoo Finance...
2026-03-29 11:54:25,337 - INFO - ✓ Fetched 1 rows for 2337
2026-03-29 11:54:25,346 - INFO - ✓ Stored 1 records for 2337
2026-03-29 11:54:25,346 - INFO - Fetching 1 days of data for 2344 from Yahoo Finance...
2026-03-29 11:54:25,462 - INFO - ✓ Fetched 1 rows for 2344
2026-03-29 11:54:25,473 - INFO - ✓ Stored 1 records for 2344
2026-03-29 11:54:25,473 - INFO - Fetching 1 days of data for 2341 from Yahoo Finance...
2026-03-29 11:54:25,540 - ERROR - $2341.TW: possibly delisted; no price data found  (period=1d)
2026-03-29 11:54:25,540 - WARNING - No data returned for 2341
2026-03-29 11:54:25,541 - INFO - Fetching 1 days of data for 2345 from Yahoo Finance...
2026-03-29 11:54:25,643 - INFO - ✓ Fetched 1 rows for 2345
2026-03-29 11:54:25,653 - INFO - ✓ Stored 1 records for 2345
2026-03-29 11:54:25,653 - INFO - Fetching 1 days of data for 2409 from Yahoo Finance...
2026-03-29 11:54:26,002 - INFO - ✓ Fetched 1 rows for 2409
2026-03-29 11:54:26,012 - INFO - ✓ Stored 1 records for 2409
2026-03-29 11:54:26,013 - INFO - Fetching 1 days of data for 2387 from Yahoo Finance...
2026-03-29 11:54:26,121 - INFO - ✓ Fetched 1 rows for 2387
2026-03-29 11:54:26,131 - INFO - ✓ Stored 1 records for 2387
2026-03-29 11:54:26,131 - INFO - Fetching 1 days of data for 2360 from Yahoo Finance...
2026-03-29 11:54:26,227 - INFO - ✓ Fetched 1 rows for 2360
2026-03-29 11:54:26,234 - INFO - ✓ Stored 1 records for 2360
2026-03-29 11:54:26,234 - INFO - Fetching 1 days of data for 2366 from Yahoo Finance...
2026-03-29 11:54:26,302 - ERROR - $2366.TW: possibly delisted; no price data found  (period=1d)
2026-03-29 11:54:26,302 - WARNING - No data returned for 2366
2026-03-29 11:54:26,302 - INFO - Fetching 1 days of data for 2369 from Yahoo Finance...
2026-03-29 11:54:26,501 - INFO - ✓ Fetched 1 rows for 2369
2026-03-29 11:54:26,511 - INFO - ✓ Stored 1 records for 2369
2026-03-29 11:54:26,511 - INFO - Fetching 1 days of data for 2375 from Yahoo Finance...
2026-03-29 11:54:26,617 - INFO - ✓ Fetched 1 rows for 2375
2026-03-29 11:54:26,627 - INFO - ✓ Stored 1 records for 2375
2026-03-29 11:54:26,628 - INFO - Fetching 1 days of data for 2383 from Yahoo Finance...
2026-03-29 11:54:26,725 - INFO - ✓ Fetched 1 rows for 2383
2026-03-29 11:54:26,739 - INFO - ✓ Stored 1 records for 2383
2026-03-29 11:54:26,739 - INFO - Fetching 1 days of data for 2388 from Yahoo Finance...
2026-03-29 11:54:26,837 - INFO - ✓ Fetched 1 rows for 2388
2026-03-29 11:54:26,850 - INFO - ✓ Stored 1 records for 2388
2026-03-29 11:54:26,850 - INFO - Fetching 1 days of data for 2389 from Yahoo Finance...
2026-03-29 11:54:27,045 - ERROR - $2389.TW: possibly delisted; no price data found  (period=1d)
2026-03-29 11:54:27,045 - WARNING - No data returned for 2389
2026-03-29 11:54:27,046 - INFO - Fetching 1 days of data for 2392 from Yahoo Finance...
2026-03-29 11:54:27,148 - INFO - ✓ Fetched 1 rows for 2392
2026-03-29 11:54:27,157 - INFO - ✓ Stored 1 records for 2392
2026-03-29 11:54:27,157 - INFO - Fetching 1 days of data for 2393 from Yahoo Finance...
2026-03-29 11:54:27,255 - INFO - ✓ Fetched 1 rows for 2393
2026-03-29 11:54:27,261 - INFO - ✓ Stored 1 records for 2393
2026-03-29 11:54:27,261 - INFO - Fetching 1 days of data for 2396 from Yahoo Finance...
2026-03-29 11:54:27,328 - ERROR - $2396.TW: possibly delisted; no price data found  (period=1d)
2026-03-29 11:54:27,328 - WARNING - No data returned for 2396
2026-03-29 11:54:27,329 - INFO - Fetching 1 days of data for 2397 from Yahoo Finance...
2026-03-29 11:54:27,429 - INFO - ✓ Fetched 1 rows for 2397
2026-03-29 11:54:27,436 - INFO - ✓ Stored 1 records for 2397
2026-03-29 11:54:27,436 - INFO - Fetching 1 days of data for 2401 from Yahoo Finance...
2026-03-29 11:54:27,541 - INFO - ✓ Fetched 1 rows for 2401
2026-03-29 11:54:27,551 - INFO - ✓ Stored 1 records for 2401
2026-03-29 11:54:27,551 - INFO - Fetching 1 days of data for 2412 from Yahoo Finance...
2026-03-29 11:54:27,657 - INFO - ✓ Fetched 1 rows for 2412
2026-03-29 11:54:27,667 - INFO - ✓ Stored 1 records for 2412
2026-03-29 11:54:27,668 - INFO - Fetching 1 days of data for 2414 from Yahoo Finance...
2026-03-29 11:54:27,794 - INFO - ✓ Fetched 1 rows for 2414
2026-03-29 11:54:27,800 - INFO - ✓ Stored 1 records for 2414
2026-03-29 11:54:27,801 - INFO - Fetching 1 days of data for 2415 from Yahoo Finance...
2026-03-29 11:54:28,057 - INFO - ✓ Fetched 1 rows for 2415
2026-03-29 11:54:28,066 - INFO - ✓ Stored 1 records for 2415
2026-03-29 11:54:28,066 - INFO - Fetching 1 days of data for 2416 from Yahoo Finance...
2026-03-29 11:54:28,134 - ERROR - $2416.TW: possibly delisted; no price data found  (period=1d)
2026-03-29 11:54:28,134 - WARNING - No data returned for 2416
2026-03-29 11:54:28,134 - INFO - Fetching 1 days of data for 2418 from Yahoo Finance...
2026-03-29 11:54:28,267 - ERROR - $2418.TW: possibly delisted; no price data found  (period=1d)
2026-03-29 11:54:28,267 - WARNING - No data returned for 2418
2026-03-29 11:54:28,267 - INFO - Fetching 1 days of data for 2419 from Yahoo Finance...
2026-03-29 11:54:28,377 - INFO - ✓ Fetched 1 rows for 2419
2026-03-29 11:54:28,387 - INFO - ✓ Stored 1 records for 2419
2026-03-29 11:54:28,387 - INFO - Fetching 1 days of data for 2420 from Yahoo Finance...
2026-03-29 11:54:28,499 - INFO - ✓ Fetched 1 rows for 2420
2026-03-29 11:54:28,505 - INFO - ✓ Stored 1 records for 2420
2026-03-29 11:54:28,505 - INFO - Fetching 1 days of data for 2800 from Yahoo Finance...
2026-03-29 11:54:29,304 - ERROR - $2800.TW: possibly delisted; no price data found  (period=1d) (Yahoo error = "No data found, symbol may be delisted")
2026-03-29 11:54:29,304 - WARNING - No data returned for 2800
2026-03-29 11:54:29,304 - INFO - Fetching 1 days of data for 2801 from Yahoo Finance...
2026-03-29 11:54:29,406 - INFO - ✓ Fetched 1 rows for 2801
2026-03-29 11:54:29,417 - INFO - ✓ Stored 1 records for 2801
2026-03-29 11:54:29,417 - INFO - Fetching 1 days of data for 2802 from Yahoo Finance...
2026-03-29 11:54:29,484 - ERROR - $2802.TW: possibly delisted; no price data found  (period=1d)
2026-03-29 11:54:29,485 - WARNING - No data returned for 2802
2026-03-29 11:54:29,485 - INFO - Fetching 1 days of data for 2807 from Yahoo Finance...
2026-03-29 11:54:29,550 - ERROR - $2807.TW: possibly delisted; no price data found  (period=1d)
2026-03-29 11:54:29,550 - WARNING - No data returned for 2807
2026-03-29 11:54:29,550 - INFO - Fetching 1 days of data for 2809 from Yahoo Finance...
2026-03-29 11:54:30,696 - ERROR - $2809.TW: possibly delisted; no price data found  (period=1d) (Yahoo error = "No data found, symbol may be delisted")
2026-03-29 11:54:30,696 - WARNING - No data returned for 2809
2026-03-29 11:54:30,696 - INFO - Fetching 1 days of data for 2810 from Yahoo Finance...
2026-03-29 11:54:32,006 - ERROR - $2810.TW: possibly delisted; no price data found  (period=1d) (Yahoo error = "No data found, symbol may be delisted")
2026-03-29 11:54:32,006 - WARNING - No data returned for 2810
2026-03-29 11:54:32,006 - INFO - Fetching 1 days of data for 2814 from Yahoo Finance...
2026-03-29 11:54:32,071 - ERROR - $2814.TW: possibly delisted; no price data found  (period=1d)
2026-03-29 11:54:32,071 - WARNING - No data returned for 2814
2026-03-29 11:54:32,071 - INFO - Fetching 1 days of data for 2815 from Yahoo Finance...
2026-03-29 11:54:32,134 - ERROR - $2815.TW: possibly delisted; no price data found  (period=1d)
2026-03-29 11:54:32,135 - WARNING - No data returned for 2815
2026-03-29 11:54:32,135 - INFO - Fetching 1 days of data for 2816 from Yahoo Finance...
2026-03-29 11:54:32,228 - INFO - ✓ Fetched 1 rows for 2816
2026-03-29 11:54:32,238 - INFO - ✓ Stored 1 records for 2816
2026-03-29 11:54:32,238 - INFO - Fetching 1 days of data for 2818 from Yahoo Finance...
2026-03-29 11:54:33,173 - ERROR - $2818.TW: possibly delisted; no price data found  (period=1d) (Yahoo error = "No data found, symbol may be delisted")
2026-03-29 11:54:33,173 - WARNING - No data returned for 2818
2026-03-29 11:54:33,173 - INFO - Fetching 1 days of data for 2820 from Yahoo Finance...
2026-03-29 11:54:33,284 - INFO - ✓ Fetched 1 rows for 2820
2026-03-29 11:54:33,294 - INFO - ✓ Stored 1 records for 2820
2026-03-29 11:54:33,294 - INFO - Fetching 1 days of data for 2880 from Yahoo Finance...
2026-03-29 11:54:33,393 - INFO - ✓ Fetched 1 rows for 2880
2026-03-29 11:54:33,403 - INFO - ✓ Stored 1 records for 2880
2026-03-29 11:54:33,403 - INFO - Fetching 1 days of data for 2881 from Yahoo Finance...
2026-03-29 11:54:33,523 - INFO - ✓ Fetched 1 rows for 2881
2026-03-29 11:54:33,533 - INFO - ✓ Stored 1 records for 2881
2026-03-29 11:54:33,533 - INFO - Fetching 1 days of data for 2882 from Yahoo Finance...
2026-03-29 11:54:33,641 - INFO - ✓ Fetched 1 rows for 2882
2026-03-29 11:54:33,647 - INFO - ✓ Stored 1 records for 2882
2026-03-29 11:54:33,647 - INFO - Fetching 1 days of data for 2886 from Yahoo Finance...
2026-03-29 11:54:33,751 - INFO - ✓ Fetched 1 rows for 2886
2026-03-29 11:54:33,761 - INFO - ✓ Stored 1 records for 2886
2026-03-29 11:54:33,761 - INFO - Fetching 1 days of data for 2887 from Yahoo Finance...
2026-03-29 11:54:34,014 - INFO - ✓ Fetched 1 rows for 2887
2026-03-29 11:54:34,023 - INFO - ✓ Stored 1 records for 2887
2026-03-29 11:54:34,023 - INFO - Fetching 1 days of data for 2888 from Yahoo Finance...
2026-03-29 11:54:35,160 - ERROR - $2888.TW: possibly delisted; no price data found  (period=1d) (Yahoo error = "No data found, symbol may be delisted")
2026-03-29 11:54:35,160 - WARNING - No data returned for 2888
2026-03-29 11:54:35,160 - INFO - Fetching 1 days of data for 2889 from Yahoo Finance...
2026-03-29 11:54:35,405 - INFO - ✓ Fetched 1 rows for 2889
2026-03-29 11:54:35,414 - INFO - ✓ Stored 1 records for 2889
2026-03-29 11:54:35,415 - INFO - Fetching 1 days of data for 2891 from Yahoo Finance...
2026-03-29 11:54:35,669 - INFO - ✓ Fetched 1 rows for 2891
2026-03-29 11:54:35,679 - INFO - ✓ Stored 1 records for 2891
2026-03-29 11:54:35,679 - INFO - Fetching 1 days of data for 2892 from Yahoo Finance...
2026-03-29 11:54:35,925 - INFO - ✓ Fetched 1 rows for 2892
2026-03-29 11:54:35,935 - INFO - ✓ Stored 1 records for 2892
2026-03-29 11:54:35,935 - INFO - Fetching 1 days of data for 1101 from Yahoo Finance...
2026-03-29 11:54:36,193 - INFO - ✓ Fetched 1 rows for 1101
2026-03-29 11:54:36,203 - INFO - ✓ Stored 1 records for 1101
2026-03-29 11:54:36,203 - INFO - Fetching 1 days of data for 1102 from Yahoo Finance...
2026-03-29 11:54:36,317 - INFO - ✓ Fetched 1 rows for 1102
2026-03-29 11:54:36,325 - INFO - ✓ Stored 1 records for 1102
2026-03-29 11:54:36,325 - INFO - Fetching 1 days of data for 1103 from Yahoo Finance...
2026-03-29 11:54:36,591 - INFO - ✓ Fetched 1 rows for 1103
2026-03-29 11:54:36,600 - INFO - ✓ Stored 1 records for 1103
2026-03-29 11:54:36,600 - INFO - Fetching 1 days of data for 1104 from Yahoo Finance...
2026-03-29 11:54:36,863 - INFO - ✓ Fetched 1 rows for 1104
2026-03-29 11:54:36,873 - INFO - ✓ Stored 1 records for 1104
2026-03-29 11:54:36,873 - INFO - Fetching 1 days of data for 1201 from Yahoo Finance...
2026-03-29 11:54:37,217 - INFO - ✓ Fetched 1 rows for 1201
2026-03-29 11:54:37,227 - INFO - ✓ Stored 1 records for 1201
2026-03-29 11:54:37,227 - INFO - Fetching 1 days of data for 1203 from Yahoo Finance...
2026-03-29 11:54:37,483 - INFO - ✓ Fetched 1 rows for 1203
2026-03-29 11:54:37,489 - INFO - ✓ Stored 1 records for 1203
2026-03-29 11:54:37,489 - INFO - Fetching 1 days of data for 1204 from Yahoo Finance...
2026-03-29 11:54:37,554 - ERROR - $1204.TW: possibly delisted; no price data found  (period=1d)
2026-03-29 11:54:37,554 - WARNING - No data returned for 1204
2026-03-29 11:54:37,555 - INFO - Fetching 1 days of data for 1216 from Yahoo Finance...
2026-03-29 11:54:37,664 - INFO - ✓ Fetched 1 rows for 1216
2026-03-29 11:54:37,673 - INFO - ✓ Stored 1 records for 1216
2026-03-29 11:54:37,674 - INFO - Fetching 1 days of data for 1301 from Yahoo Finance...
2026-03-29 11:54:37,779 - INFO - ✓ Fetched 1 rows for 1301
2026-03-29 11:54:37,785 - INFO - ✓ Stored 1 records for 1301
2026-03-29 11:54:37,785 - INFO - Fetching 1 days of data for 1303 from Yahoo Finance...
2026-03-29 11:54:38,040 - INFO - ✓ Fetched 1 rows for 1303
2026-03-29 11:54:38,050 - INFO - ✓ Stored 1 records for 1303
2026-03-29 11:54:38,050 - INFO - Fetching 1 days of data for 1304 from Yahoo Finance...
2026-03-29 11:54:38,155 - INFO - ✓ Fetched 1 rows for 1304
2026-03-29 11:54:38,164 - INFO - ✓ Stored 1 records for 1304
2026-03-29 11:54:38,164 - INFO - Fetching 1 days of data for 1305 from Yahoo Finance...
2026-03-29 11:54:38,427 - INFO - ✓ Fetched 1 rows for 1305
2026-03-29 11:54:38,437 - INFO - ✓ Stored 1 records for 1305
2026-03-29 11:54:38,438 - INFO - Fetching 1 days of data for 1306 from Yahoo Finance...
2026-03-29 11:54:38,658 - ERROR - $1306.TW: possibly delisted; no price data found  (period=1d)
2026-03-29 11:54:38,658 - WARNING - No data returned for 1306
2026-03-29 11:54:38,658 - INFO - Fetching 1 days of data for 1307 from Yahoo Finance...
2026-03-29 11:54:38,759 - INFO - ✓ Fetched 1 rows for 1307
2026-03-29 11:54:38,768 - INFO - ✓ Stored 1 records for 1307
2026-03-29 11:54:38,768 - INFO - Fetching 1 days of data for 1308 from Yahoo Finance...
2026-03-29 11:54:38,875 - INFO - ✓ Fetched 1 rows for 1308
2026-03-29 11:54:38,881 - INFO - ✓ Stored 1 records for 1308
2026-03-29 11:54:38,881 - INFO - Fetching 1 days of data for 1309 from Yahoo Finance...
2026-03-29 11:54:39,136 - INFO - ✓ Fetched 1 rows for 1309
2026-03-29 11:54:39,147 - INFO - ✓ Stored 1 records for 1309
2026-03-29 11:54:39,147 - INFO - Fetching 1 days of data for 1401 from Yahoo Finance...
2026-03-29 11:54:40,199 - ERROR - $1401.TW: possibly delisted; no price data found  (period=1d) (Yahoo error = "No data found, symbol may be delisted")
2026-03-29 11:54:40,199 - WARNING - No data returned for 1401
2026-03-29 11:54:40,200 - INFO - Fetching 1 days of data for 1402 from Yahoo Finance...
2026-03-29 11:54:40,304 - INFO - ✓ Fetched 1 rows for 1402
2026-03-29 11:54:40,314 - INFO - ✓ Stored 1 records for 1402
2026-03-29 11:54:40,314 - INFO - Fetching 1 days of data for 1403 from Yahoo Finance...
2026-03-29 11:54:41,410 - ERROR - $1403.TW: possibly delisted; no price data found  (period=1d) (Yahoo error = "No data found, symbol may be delisted")
2026-03-29 11:54:41,410 - WARNING - No data returned for 1403
2026-03-29 11:54:41,410 - INFO - Fetching 1 days of data for 1404 from Yahoo Finance...
2026-03-29 11:54:42,462 - ERROR - $1404.TW: possibly delisted; no price data found  (period=1d) (Yahoo error = "No data found, symbol may be delisted")
2026-03-29 11:54:42,463 - WARNING - No data returned for 1404
2026-03-29 11:54:42,463 - INFO - Fetching 1 days of data for 1405 from Yahoo Finance...
2026-03-29 11:54:43,812 - ERROR - $1405.TW: possibly delisted; no price data found  (period=1d) (Yahoo error = "No data found, symbol may be delisted")
2026-03-29 11:54:43,813 - WARNING - No data returned for 1405
2026-03-29 11:54:43,813 - INFO - Fetching 1 days of data for 2001 from Yahoo Finance...
2026-03-29 11:54:43,881 - ERROR - $2001.TW: possibly delisted; no price data found  (period=1d)
2026-03-29 11:54:43,882 - WARNING - No data returned for 2001
2026-03-29 11:54:43,882 - INFO - Fetching 1 days of data for 2002 from Yahoo Finance...
2026-03-29 11:54:43,988 - INFO - ✓ Fetched 1 rows for 2002
2026-03-29 11:54:43,997 - INFO - ✓ Stored 1 records for 2002
2026-03-29 11:54:43,997 - INFO - Fetching 1 days of data for 2003 from Yahoo Finance...
2026-03-29 11:54:44,743 - ERROR - $2003.TW: possibly delisted; no price data found  (period=1d) (Yahoo error = "No data found, symbol may be delisted")
2026-03-29 11:54:44,743 - WARNING - No data returned for 2003
2026-03-29 11:54:44,743 - INFO - Fetching 1 days of data for 2004 from Yahoo Finance...
2026-03-29 11:54:45,841 - ERROR - $2004.TW: possibly delisted; no price data found  (period=1d) (Yahoo error = "No data found, symbol may be delisted")
2026-03-29 11:54:45,841 - WARNING - No data returned for 2004
2026-03-29 11:54:45,841 - INFO - Fetching 1 days of data for 2005 from Yahoo Finance...
2026-03-29 11:54:45,907 - ERROR - $2005.TW: possibly delisted; no price data found  (period=1d)
2026-03-29 11:54:45,908 - WARNING - No data returned for 2005
2026-03-29 11:54:45,908 - INFO - Fetching 1 days of data for 2006 from Yahoo Finance...
2026-03-29 11:54:46,016 - INFO - ✓ Fetched 1 rows for 2006
2026-03-29 11:54:46,029 - INFO - ✓ Stored 1 records for 2006
2026-03-29 11:54:46,029 - INFO - Fetching 1 days of data for 2007 from Yahoo Finance...
2026-03-29 11:54:46,107 - INFO - ✓ Fetched 1 rows for 2007
2026-03-29 11:54:46,114 - INFO - ✓ Stored 1 records for 2007
2026-03-29 11:54:46,114 - INFO - Fetching 1 days of data for 2008 from Yahoo Finance...
2026-03-29 11:54:46,231 - INFO - ✓ Fetched 1 rows for 2008
2026-03-29 11:54:46,241 - INFO - ✓ Stored 1 records for 2008
2026-03-29 11:54:46,241 - INFO - Fetching 1 days of data for 2009 from Yahoo Finance...
2026-03-29 11:54:46,357 - INFO - ✓ Fetched 1 rows for 2009
2026-03-29 11:54:46,366 - INFO - ✓ Stored 1 records for 2009
2026-03-29 11:54:46,366 - INFO - Fetching 1 days of data for 2010 from Yahoo Finance...
2026-03-29 11:54:46,482 - INFO - ✓ Fetched 1 rows for 2010
2026-03-29 11:54:46,493 - INFO - ✓ Stored 1 records for 2010
2026-03-29 11:54:46,493 - INFO - Fetching 1 days of data for 2901 from Yahoo Finance...
2026-03-29 11:54:46,620 - INFO - ✓ Fetched 1 rows for 2901
2026-03-29 11:54:46,630 - INFO - ✓ Stored 1 records for 2901
2026-03-29 11:54:46,630 - INFO - Fetching 1 days of data for 2903 from Yahoo Finance...
2026-03-29 11:54:46,741 - INFO - ✓ Fetched 1 rows for 2903
2026-03-29 11:54:46,752 - INFO - ✓ Stored 1 records for 2903
2026-03-29 11:54:46,752 - INFO - Fetching 1 days of data for 2904 from Yahoo Finance...
2026-03-29 11:54:46,861 - INFO - ✓ Fetched 1 rows for 2904
2026-03-29 11:54:46,872 - INFO - ✓ Stored 1 records for 2904
2026-03-29 11:54:46,872 - INFO - Fetching 1 days of data for 2905 from Yahoo Finance...
2026-03-29 11:54:46,989 - INFO - ✓ Fetched 1 rows for 2905
2026-03-29 11:54:46,994 - INFO - ✓ Stored 1 records for 2905
2026-03-29 11:54:46,994 - INFO - Fetching 1 days of data for 2906 from Yahoo Finance...
2026-03-29 11:54:47,112 - INFO - ✓ Fetched 1 rows for 2906
2026-03-29 11:54:47,119 - INFO - ✓ Stored 1 records for 2906
2026-03-29 11:54:47,119 - INFO - Fetching 1 days of data for 2907 from Yahoo Finance...
2026-03-29 11:54:48,272 - ERROR - $2907.TW: possibly delisted; no price data found  (period=1d) (Yahoo error = "No data found, symbol may be delisted")
2026-03-29 11:54:48,272 - WARNING - No data returned for 2907
2026-03-29 11:54:48,272 - INFO - Fetching 1 days of data for 2908 from Yahoo Finance...
2026-03-29 11:54:48,394 - INFO - ✓ Fetched 1 rows for 2908
2026-03-29 11:54:48,404 - INFO - ✓ Stored 1 records for 2908
2026-03-29 11:54:48,404 - INFO - Fetching 1 days of data for 2910 from Yahoo Finance...
2026-03-29 11:54:48,512 - INFO - ✓ Fetched 1 rows for 2910
2026-03-29 11:54:48,521 - INFO - ✓ Stored 1 records for 2910
2026-03-29 11:54:48,521 - INFO - Fetching 1 days of data for 2911 from Yahoo Finance...
2026-03-29 11:54:48,614 - INFO - ✓ Fetched 1 rows for 2911
2026-03-29 11:54:48,623 - INFO - ✓ Stored 1 records for 2911
2026-03-29 11:54:48,623 - INFO - Fetching 1 days of data for 2912 from Yahoo Finance...
2026-03-29 11:54:48,725 - INFO - ✓ Fetched 1 rows for 2912
2026-03-29 11:54:48,733 - INFO - ✓ Stored 1 records for 2912
2026-03-29 11:54:48,733 - INFO - Fetching 1 days of data for 2913 from Yahoo Finance...
2026-03-29 11:54:48,821 - INFO - ✓ Fetched 1 rows for 2913
2026-03-29 11:54:48,828 - INFO - ✓ Stored 1 records for 2913
2026-03-29 11:54:48,828 - INFO - Fetching 1 days of data for 2915 from Yahoo Finance...
2026-03-29 11:54:48,953 - INFO - ✓ Fetched 1 rows for 2915
2026-03-29 11:54:48,963 - INFO - ✓ Stored 1 records for 2915
2026-03-29 11:54:48,963 - INFO - Fetching 1 days of data for 2916 from Yahoo Finance...
2026-03-29 11:54:49,709 - ERROR - $2916.TW: possibly delisted; no price data found  (period=1d) (Yahoo error = "No data found, symbol may be delisted")
2026-03-29 11:54:49,710 - WARNING - No data returned for 2916
2026-03-29 11:54:49,710 - INFO - Fetching 1 days of data for 2917 from Yahoo Finance...
2026-03-29 11:54:50,455 - ERROR - $2917.TW: possibly delisted; no price data found  (period=1d) (Yahoo error = "No data found, symbol may be delisted")
2026-03-29 11:54:50,456 - WARNING - No data returned for 2917
2026-03-29 11:54:50,456 - INFO - Fetching 1 days of data for 2918 from Yahoo Finance...
2026-03-29 11:54:51,603 - ERROR - $2918.TW: possibly delisted; no price data found  (period=1d) (Yahoo error = "No data found, symbol may be delisted")
2026-03-29 11:54:51,603 - WARNING - No data returned for 2918
2026-03-29 11:54:51,604 - INFO - Fetching 1 days of data for 2919 from Yahoo Finance...
2026-03-29 11:54:52,395 - ERROR - $2919.TW: possibly delisted; no price data found  (period=1d) (Yahoo error = "No data found, symbol may be delisted")
2026-03-29 11:54:52,396 - WARNING - No data returned for 2919
2026-03-29 11:54:52,396 - INFO - Fetching 1 days of data for 2920 from Yahoo Finance...
2026-03-29 11:54:53,296 - ERROR - $2920.TW: possibly delisted; no price data found  (period=1d) (Yahoo error = "No data found, symbol may be delisted")
2026-03-29 11:54:53,296 - WARNING - No data returned for 2920
2026-03-29 11:54:53,297 - INFO - Fetching 1 days of data for 2921 from Yahoo Finance...
2026-03-29 11:54:54,545 - ERROR - $2921.TW: possibly delisted; no price data found  (period=1d) (Yahoo error = "No data found, symbol may be delisted")
2026-03-29 11:54:54,545 - WARNING - No data returned for 2921
2026-03-29 11:54:54,545 - INFO - Fetching 1 days of data for 2922 from Yahoo Finance...
2026-03-29 11:54:55,667 - ERROR - $2922.TW: possibly delisted; no price data found  (period=1d) (Yahoo error = "No data found, symbol may be delisted")
2026-03-29 11:54:55,667 - WARNING - No data returned for 2922
2026-03-29 11:54:55,667 - INFO - Fetching 1 days of data for 2923 from Yahoo Finance...
2026-03-29 11:54:55,802 - INFO - ✓ Fetched 1 rows for 2923
2026-03-29 11:54:55,813 - INFO - ✓ Stored 1 records for 2923
2026-03-29 11:54:55,813 - INFO - Fetching 1 days of data for 2924 from Yahoo Finance...
2026-03-29 11:54:56,731 - ERROR - $2924.TW: possibly delisted; no price data found  (period=1d) (Yahoo error = "No data found, symbol may be delisted")
2026-03-29 11:54:56,731 - WARNING - No data returned for 2924
2026-03-29 11:54:56,732 - INFO - Fetching 1 days of data for 2925 from Yahoo Finance...
2026-03-29 11:54:57,676 - ERROR - $2925.TW: possibly delisted; no price data found  (period=1d) (Yahoo error = "No data found, symbol may be delisted")
2026-03-29 11:54:57,676 - WARNING - No data returned for 2925
2026-03-29 11:54:57,677 - INFO - Fetching 1 days of data for 2926 from Yahoo Finance...
2026-03-29 11:54:58,767 - ERROR - $2926.TW: possibly delisted; no price data found  (period=1d) (Yahoo error = "No data found, symbol may be delisted")
2026-03-29 11:54:58,767 - WARNING - No data returned for 2926
2026-03-29 11:54:58,767 - INFO - Fetching 1 days of data for 2927 from Yahoo Finance...
2026-03-29 11:54:59,659 - ERROR - $2927.TW: possibly delisted; no price data found  (period=1d) (Yahoo error = "No data found, symbol may be delisted")
2026-03-29 11:54:59,659 - WARNING - No data returned for 2927
2026-03-29 11:54:59,659 - INFO - Fetching 1 days of data for 2928 from Yahoo Finance...
2026-03-29 11:55:00,707 - ERROR - $2928.TW: possibly delisted; no price data found  (period=1d) (Yahoo error = "No data found, symbol may be delisted")
2026-03-29 11:55:00,707 - WARNING - No data returned for 2928
2026-03-29 11:55:00,707 - INFO - Fetching 1 days of data for 2929 from Yahoo Finance...
2026-03-29 11:55:00,945 - INFO - ✓ Fetched 1 rows for 2929
2026-03-29 11:55:00,957 - INFO - ✓ Stored 1 records for 2929
2026-03-29 11:55:00,957 - INFO - Fetching 1 days of data for 2930 from Yahoo Finance...
2026-03-29 11:55:01,905 - ERROR - $2930.TW: possibly delisted; no price data found  (period=1d) (Yahoo error = "No data found, symbol may be delisted")
2026-03-29 11:55:01,905 - WARNING - No data returned for 2930
2026-03-29 11:55:01,905 - INFO - Fetching 1 days of data for 2931 from Yahoo Finance...
2026-03-29 11:55:02,944 - ERROR - $2931.TW: possibly delisted; no price data found  (period=1d) (Yahoo error = "No data found, symbol may be delisted")
2026-03-29 11:55:02,944 - WARNING - No data returned for 2931
2026-03-29 11:55:02,944 - INFO - Fetching 1 days of data for 2932 from Yahoo Finance...
2026-03-29 11:55:04,044 - ERROR - $2932.TW: possibly delisted; no price data found  (period=1d) (Yahoo error = "No data found, symbol may be delisted")
2026-03-29 11:55:04,044 - WARNING - No data returned for 2932
2026-03-29 11:55:04,044 - INFO - Fetching 1 days of data for 2933 from Yahoo Finance...
2026-03-29 11:55:04,992 - ERROR - $2933.TW: possibly delisted; no price data found  (period=1d) (Yahoo error = "No data found, symbol may be delisted")
2026-03-29 11:55:04,992 - WARNING - No data returned for 2933
2026-03-29 11:55:04,993 - INFO - Fetching 1 days of data for 2934 from Yahoo Finance...
2026-03-29 11:55:06,095 - ERROR - $2934.TW: possibly delisted; no price data found  (period=1d) (Yahoo error = "No data found, symbol may be delisted")
2026-03-29 11:55:06,095 - WARNING - No data returned for 2934
2026-03-29 11:55:06,095 - INFO - Fetching 1 days of data for 2935 from Yahoo Finance...
2026-03-29 11:55:07,185 - ERROR - $2935.TW: possibly delisted; no price data found  (period=1d) (Yahoo error = "No data found, symbol may be delisted")
2026-03-29 11:55:07,185 - WARNING - No data returned for 2935
2026-03-29 11:55:07,186 - INFO - Fetching 1 days of data for 2936 from Yahoo Finance...
2026-03-29 11:55:08,286 - ERROR - $2936.TW: possibly delisted; no price data found  (period=1d) (Yahoo error = "No data found, symbol may be delisted")
2026-03-29 11:55:08,287 - WARNING - No data returned for 2936
2026-03-29 11:55:08,287 - INFO - Fetching 1 days of data for 2937 from Yahoo Finance...
2026-03-29 11:55:09,340 - ERROR - $2937.TW: possibly delisted; no price data found  (period=1d) (Yahoo error = "No data found, symbol may be delisted")
2026-03-29 11:55:09,340 - WARNING - No data returned for 2937
2026-03-29 11:55:09,340 - INFO - Fetching 1 days of data for 2938 from Yahoo Finance...
2026-03-29 11:55:10,377 - ERROR - $2938.TW: possibly delisted; no price data found  (period=1d) (Yahoo error = "No data found, symbol may be delisted")
2026-03-29 11:55:10,378 - WARNING - No data returned for 2938
2026-03-29 11:55:10,378 - INFO - Fetching 1 days of data for 2939 from Yahoo Finance...
2026-03-29 11:55:10,607 - INFO - ✓ Fetched 1 rows for 2939
2026-03-29 11:55:10,618 - INFO - ✓ Stored 1 records for 2939
2026-03-29 11:55:10,618 - INFO - Fetching 1 days of data for 2940 from Yahoo Finance...
2026-03-29 11:55:11,864 - ERROR - $2940.TW: possibly delisted; no price data found  (period=1d) (Yahoo error = "No data found, symbol may be delisted")
2026-03-29 11:55:11,865 - WARNING - No data returned for 2940
2026-03-29 11:55:11,865 - INFO - Fetching 1 days of data for 2941 from Yahoo Finance...
2026-03-29 11:55:13,520 - ERROR - $2941.TW: possibly delisted; no price data found  (period=1d) (Yahoo error = "No data found, symbol may be delisted")
2026-03-29 11:55:13,521 - WARNING - No data returned for 2941
2026-03-29 11:55:13,521 - INFO - Fetching 1 days of data for 2942 from Yahoo Finance...
2026-03-29 11:55:14,720 - ERROR - $2942.TW: possibly delisted; no price data found  (period=1d) (Yahoo error = "No data found, symbol may be delisted")
2026-03-29 11:55:14,720 - WARNING - No data returned for 2942
2026-03-29 11:55:14,720 - INFO - Fetching 1 days of data for 2943 from Yahoo Finance...
2026-03-29 11:55:15,459 - ERROR - $2943.TW: possibly delisted; no price data found  (period=1d) (Yahoo error = "No data found, symbol may be delisted")
2026-03-29 11:55:15,459 - WARNING - No data returned for 2943
2026-03-29 11:55:15,459 - INFO - Fetching 1 days of data for 2944 from Yahoo Finance...
2026-03-29 11:55:16,503 - ERROR - $2944.TW: possibly delisted; no price data found  (period=1d) (Yahoo error = "No data found, symbol may be delisted")
2026-03-29 11:55:16,503 - WARNING - No data returned for 2944
2026-03-29 11:55:16,504 - INFO - Fetching 1 days of data for 2945 from Yahoo Finance...
2026-03-29 11:55:16,586 - INFO - ✓ Fetched 1 rows for 2945
2026-03-29 11:55:16,597 - INFO - ✓ Stored 1 records for 2945
2026-03-29 11:55:16,597 - INFO - Fetching 1 days of data for 2946 from Yahoo Finance...
2026-03-29 11:55:17,565 - ERROR - $2946.TW: possibly delisted; no price data found  (period=1d) (Yahoo error = "No data found, symbol may be delisted")
2026-03-29 11:55:17,565 - WARNING - No data returned for 2946
2026-03-29 11:55:17,565 - INFO - Fetching 1 days of data for 2947 from Yahoo Finance...
2026-03-29 11:55:18,556 - ERROR - $2947.TW: possibly delisted; no price data found  (period=1d) (Yahoo error = "No data found, symbol may be delisted")
2026-03-29 11:55:18,556 - WARNING - No data returned for 2947
2026-03-29 11:55:18,556 - INFO - Fetching 1 days of data for 2948 from Yahoo Finance...
2026-03-29 11:55:19,303 - ERROR - $2948.TW: possibly delisted; no price data found  (period=1d) (Yahoo error = "No data found, symbol may be delisted")
2026-03-29 11:55:19,303 - WARNING - No data returned for 2948
2026-03-29 11:55:19,303 - INFO - Fetching 1 days of data for 2949 from Yahoo Finance...
2026-03-29 11:55:20,040 - ERROR - $2949.TW: possibly delisted; no price data found  (period=1d) (Yahoo error = "No data found, symbol may be delisted")
2026-03-29 11:55:20,041 - WARNING - No data returned for 2949
2026-03-29 11:55:20,041 - INFO - Fetching 1 days of data for 2950 from Yahoo Finance...
2026-03-29 11:55:20,945 - ERROR - $2950.TW: possibly delisted; no price data found  (period=1d) (Yahoo error = "No data found, symbol may be delisted")
2026-03-29 11:55:20,946 - WARNING - No data returned for 2950
2026-03-29 11:55:20,946 - INFO - Fetching 1 days of data for 2951 from Yahoo Finance...
2026-03-29 11:55:22,143 - ERROR - $2951.TW: possibly delisted; no price data found  (period=1d) (Yahoo error = "No data found, symbol may be delisted")
2026-03-29 11:55:22,143 - WARNING - No data returned for 2951
2026-03-29 11:55:22,143 - INFO - Fetching 1 days of data for 2952 from Yahoo Finance...
2026-03-29 11:55:23,498 - ERROR - $2952.TW: possibly delisted; no price data found  (period=1d) (Yahoo error = "No data found, symbol may be delisted")
2026-03-29 11:55:23,498 - WARNING - No data returned for 2952
2026-03-29 11:55:23,498 - INFO - Fetching 1 days of data for 2953 from Yahoo Finance...
2026-03-29 11:55:24,532 - ERROR - $2953.TW: possibly delisted; no price data found  (period=1d) (Yahoo error = "No data found, symbol may be delisted")
2026-03-29 11:55:24,532 - WARNING - No data returned for 2953
2026-03-29 11:55:24,532 - INFO - Fetching 1 days of data for 2954 from Yahoo Finance...
2026-03-29 11:55:25,776 - ERROR - $2954.TW: possibly delisted; no price data found  (period=1d) (Yahoo error = "No data found, symbol may be delisted")
2026-03-29 11:55:25,776 - WARNING - No data returned for 2954
2026-03-29 11:55:25,776 - INFO - Fetching 1 days of data for 2955 from Yahoo Finance...
2026-03-29 11:55:26,816 - ERROR - $2955.TW: possibly delisted; no price data found  (period=1d) (Yahoo error = "No data found, symbol may be delisted")
2026-03-29 11:55:26,816 - WARNING - No data returned for 2955
2026-03-29 11:55:26,816 - INFO - Fetching 1 days of data for 2956 from Yahoo Finance...
2026-03-29 11:55:27,799 - ERROR - $2956.TW: possibly delisted; no price data found  (period=1d) (Yahoo error = "No data found, symbol may be delisted")
2026-03-29 11:55:27,799 - WARNING - No data returned for 2956
2026-03-29 11:55:27,800 - INFO - Fetching 1 days of data for 2957 from Yahoo Finance...
2026-03-29 11:55:28,989 - ERROR - $2957.TW: possibly delisted; no price data found  (period=1d) (Yahoo error = "No data found, symbol may be delisted")
2026-03-29 11:55:28,990 - WARNING - No data returned for 2957
2026-03-29 11:55:28,990 - INFO - Fetching 1 days of data for 2958 from Yahoo Finance...
2026-03-29 11:55:30,042 - ERROR - $2958.TW: possibly delisted; no price data found  (period=1d) (Yahoo error = "No data found, symbol may be delisted")
2026-03-29 11:55:30,042 - WARNING - No data returned for 2958
2026-03-29 11:55:30,042 - INFO - Fetching 1 days of data for 2959 from Yahoo Finance...
2026-03-29 11:55:30,824 - ERROR - $2959.TW: possibly delisted; no price data found  (period=1d) (Yahoo error = "No data found, symbol may be delisted")
2026-03-29 11:55:30,825 - WARNING - No data returned for 2959
2026-03-29 11:55:30,825 - INFO - Fetching 1 days of data for 2960 from Yahoo Finance...
2026-03-29 11:55:31,774 - ERROR - $2960.TW: possibly delisted; no price data found  (period=1d) (Yahoo error = "No data found, symbol may be delisted")
2026-03-29 11:55:31,775 - WARNING - No data returned for 2960
2026-03-29 11:55:31,775 - INFO - Fetching 1 days of data for 2961 from Yahoo Finance...
2026-03-29 11:55:32,565 - ERROR - $2961.TW: possibly delisted; no price data found  (period=1d) (Yahoo error = "No data found, symbol may be delisted")
2026-03-29 11:55:32,565 - WARNING - No data returned for 2961
2026-03-29 11:55:32,566 - INFO - Fetching 1 days of data for 2962 from Yahoo Finance...
2026-03-29 11:55:33,302 - ERROR - $2962.TW: possibly delisted; no price data found  (period=1d) (Yahoo error = "No data found, symbol may be delisted")
2026-03-29 11:55:33,302 - WARNING - No data returned for 2962
2026-03-29 11:55:33,302 - INFO - Fetching 1 days of data for 2963 from Yahoo Finance...
2026-03-29 11:55:34,040 - ERROR - $2963.TW: possibly delisted; no price data found  (period=1d) (Yahoo error = "No data found, symbol may be delisted")
2026-03-29 11:55:34,040 - WARNING - No data returned for 2963
2026-03-29 11:55:34,040 - INFO - Fetching 1 days of data for 2964 from Yahoo Finance...
2026-03-29 11:55:35,240 - ERROR - $2964.TW: possibly delisted; no price data found  (period=1d) (Yahoo error = "No data found, symbol may be delisted")
2026-03-29 11:55:35,240 - WARNING - No data returned for 2964
2026-03-29 11:55:35,241 - INFO - Fetching 1 days of data for 2965 from Yahoo Finance...
2026-03-29 11:55:36,138 - ERROR - $2965.TW: possibly delisted; no price data found  (period=1d) (Yahoo error = "No data found, symbol may be delisted")
2026-03-29 11:55:36,139 - WARNING - No data returned for 2965
2026-03-29 11:55:36,139 - INFO - Fetching 1 days of data for 2966 from Yahoo Finance...
2026-03-29 11:55:36,981 - ERROR - $2966.TW: possibly delisted; no price data found  (period=1d) (Yahoo error = "No data found, symbol may be delisted")
2026-03-29 11:55:36,981 - WARNING - No data returned for 2966
2026-03-29 11:55:36,982 - INFO - Fetching 1 days of data for 2967 from Yahoo Finance...
2026-03-29 11:55:37,723 - ERROR - $2967.TW: possibly delisted; no price data found  (period=1d) (Yahoo error = "No data found, symbol may be delisted")
2026-03-29 11:55:37,724 - WARNING - No data returned for 2967
2026-03-29 11:55:37,724 - INFO - Fetching 1 days of data for 2968 from Yahoo Finance...
2026-03-29 11:55:38,668 - ERROR - $2968.TW: possibly delisted; no price data found  (period=1d) (Yahoo error = "No data found, symbol may be delisted")
2026-03-29 11:55:38,668 - WARNING - No data returned for 2968
2026-03-29 11:55:38,668 - INFO - Fetching 1 days of data for 2969 from Yahoo Finance...
2026-03-29 11:55:39,415 - ERROR - $2969.TW: possibly delisted; no price data found  (period=1d) (Yahoo error = "No data found, symbol may be delisted")
2026-03-29 11:55:39,416 - WARNING - No data returned for 2969
2026-03-29 11:55:39,416 - INFO - Fetching 1 days of data for 2970 from Yahoo Finance...
2026-03-29 11:55:40,174 - ERROR - $2970.TW: possibly delisted; no price data found  (period=1d) (Yahoo error = "No data found, symbol may be delisted")
2026-03-29 11:55:40,174 - WARNING - No data returned for 2970
2026-03-29 11:55:40,174 - INFO - Fetching 1 days of data for 2971 from Yahoo Finance...
2026-03-29 11:55:40,924 - ERROR - $2971.TW: possibly delisted; no price data found  (period=1d) (Yahoo error = "No data found, symbol may be delisted")
2026-03-29 11:55:40,924 - WARNING - No data returned for 2971
2026-03-29 11:55:40,924 - INFO - Fetching 1 days of data for 2972 from Yahoo Finance...
2026-03-29 11:55:41,687 - ERROR - $2972.TW: possibly delisted; no price data found  (period=1d) (Yahoo error = "No data found, symbol may be delisted")
2026-03-29 11:55:41,687 - WARNING - No data returned for 2972
2026-03-29 11:55:41,687 - INFO - Fetching 1 days of data for 2973 from Yahoo Finance...
2026-03-29 11:55:42,426 - ERROR - $2973.TW: possibly delisted; no price data found  (period=1d) (Yahoo error = "No data found, symbol may be delisted")
2026-03-29 11:55:42,427 - WARNING - No data returned for 2973
2026-03-29 11:55:42,427 - INFO - Fetching 1 days of data for 2974 from Yahoo Finance...
2026-03-29 11:55:43,307 - ERROR - $2974.TW: possibly delisted; no price data found  (period=1d) (Yahoo error = "No data found, symbol may be delisted")
2026-03-29 11:55:43,307 - WARNING - No data returned for 2974
2026-03-29 11:55:43,307 - INFO - Fetching 1 days of data for 2975 from Yahoo Finance...
2026-03-29 11:55:44,045 - ERROR - $2975.TW: possibly delisted; no price data found  (period=1d) (Yahoo error = "No data found, symbol may be delisted")
2026-03-29 11:55:44,045 - WARNING - No data returned for 2975
2026-03-29 11:55:44,045 - INFO - Fetching 1 days of data for 2976 from Yahoo Finance...
2026-03-29 11:55:44,813 - ERROR - $2976.TW: possibly delisted; no price data found  (period=1d) (Yahoo error = "No data found, symbol may be delisted")
2026-03-29 11:55:44,813 - WARNING - No data returned for 2976
2026-03-29 11:55:44,813 - INFO - Fetching 1 days of data for 2977 from Yahoo Finance...
2026-03-29 11:55:46,201 - ERROR - $2977.TW: possibly delisted; no price data found  (period=1d) (Yahoo error = "No data found, symbol may be delisted")
2026-03-29 11:55:46,202 - WARNING - No data returned for 2977
2026-03-29 11:55:46,202 - INFO - Fetching 1 days of data for 2978 from Yahoo Finance...
2026-03-29 11:55:46,946 - ERROR - $2978.TW: possibly delisted; no price data found  (period=1d) (Yahoo error = "No data found, symbol may be delisted")
2026-03-29 11:55:46,947 - WARNING - No data returned for 2978
2026-03-29 11:55:46,947 - INFO - Fetching 1 days of data for 2979 from Yahoo Finance...
2026-03-29 11:55:47,885 - ERROR - $2979.TW: possibly delisted; no price data found  (period=1d) (Yahoo error = "No data found, symbol may be delisted")
2026-03-29 11:55:47,885 - WARNING - No data returned for 2979
2026-03-29 11:55:47,885 - INFO - Fetching 1 days of data for 2980 from Yahoo Finance...
2026-03-29 11:55:48,633 - ERROR - $2980.TW: possibly delisted; no price data found  (period=1d) (Yahoo error = "No data found, symbol may be delisted")
2026-03-29 11:55:48,633 - WARNING - No data returned for 2980
2026-03-29 11:55:48,633 - INFO - Fetching 1 days of data for 2981 from Yahoo Finance...
2026-03-29 11:55:49,794 - ERROR - $2981.TW: possibly delisted; no price data found  (period=1d) (Yahoo error = "No data found, symbol may be delisted")
2026-03-29 11:55:49,794 - WARNING - No data returned for 2981
2026-03-29 11:55:49,794 - INFO - Fetching 1 days of data for 2982 from Yahoo Finance...
2026-03-29 11:55:50,838 - ERROR - $2982.TW: possibly delisted; no price data found  (period=1d) (Yahoo error = "No data found, symbol may be delisted")
2026-03-29 11:55:50,839 - WARNING - No data returned for 2982
2026-03-29 11:55:50,839 - INFO - Fetching 1 days of data for 2983 from Yahoo Finance...
2026-03-29 11:55:51,892 - ERROR - $2983.TW: possibly delisted; no price data found  (period=1d) (Yahoo error = "No data found, symbol may be delisted")
2026-03-29 11:55:51,892 - WARNING - No data returned for 2983
2026-03-29 11:55:51,892 - INFO - Fetching 1 days of data for 2984 from Yahoo Finance...
2026-03-29 11:55:53,031 - ERROR - $2984.TW: possibly delisted; no price data found  (period=1d) (Yahoo error = "No data found, symbol may be delisted")
2026-03-29 11:55:53,032 - WARNING - No data returned for 2984
2026-03-29 11:55:53,032 - INFO - Fetching 1 days of data for 2985 from Yahoo Finance...
2026-03-29 11:55:53,824 - ERROR - $2985.TW: possibly delisted; no price data found  (period=1d) (Yahoo error = "No data found, symbol may be delisted")
2026-03-29 11:55:53,824 - WARNING - No data returned for 2985
2026-03-29 11:55:53,824 - INFO - Fetching 1 days of data for 2986 from Yahoo Finance...
2026-03-29 11:55:54,764 - ERROR - $2986.TW: possibly delisted; no price data found  (period=1d) (Yahoo error = "No data found, symbol may be delisted")
2026-03-29 11:55:54,765 - WARNING - No data returned for 2986
2026-03-29 11:55:54,765 - INFO - Fetching 1 days of data for 2987 from Yahoo Finance...
2026-03-29 11:55:55,710 - ERROR - $2987.TW: possibly delisted; no price data found  (period=1d) (Yahoo error = "No data found, symbol may be delisted")
2026-03-29 11:55:55,710 - WARNING - No data returned for 2987
2026-03-29 11:55:55,710 - INFO - Fetching 1 days of data for 2988 from Yahoo Finance...
2026-03-29 11:55:56,830 - ERROR - $2988.TW: possibly delisted; no price data found  (period=1d) (Yahoo error = "No data found, symbol may be delisted")
2026-03-29 11:55:56,830 - WARNING - No data returned for 2988
2026-03-29 11:55:56,830 - INFO - Fetching 1 days of data for 2989 from Yahoo Finance...
2026-03-29 11:55:58,242 - ERROR - $2989.TW: possibly delisted; no price data found  (period=1d) (Yahoo error = "No data found, symbol may be delisted")
2026-03-29 11:55:58,242 - WARNING - No data returned for 2989
2026-03-29 11:55:58,242 - INFO - Fetching 1 days of data for 2990 from Yahoo Finance...
2026-03-29 11:55:59,633 - ERROR - $2990.TW: possibly delisted; no price data found  (period=1d) (Yahoo error = "No data found, symbol may be delisted")
2026-03-29 11:55:59,633 - WARNING - No data returned for 2990
2026-03-29 11:55:59,633 - INFO - Fetching 1 days of data for 2991 from Yahoo Finance...
2026-03-29 11:56:00,373 - ERROR - $2991.TW: possibly delisted; no price data found  (period=1d) (Yahoo error = "No data found, symbol may be delisted")
2026-03-29 11:56:00,373 - WARNING - No data returned for 2991
2026-03-29 11:56:00,373 - INFO - Fetching 1 days of data for 0050 from Yahoo Finance...
2026-03-29 11:56:00,461 - INFO - ✓ Fetched 1 rows for 0050
2026-03-29 11:56:00,475 - INFO - ✓ Stored 1 records for 0050
2026-03-29 11:56:00,475 - INFO - Fetching 1 days of data for 006208 from Yahoo Finance...
2026-03-29 11:56:00,564 - INFO - ✓ Fetched 1 rows for 006208
2026-03-29 11:56:00,571 - INFO - ✓ Stored 1 records for 006208
2026-03-29 11:56:00,571 - INFO - Fetching 1 days of data for 00888 from Yahoo Finance...
2026-03-29 11:56:01,326 - ERROR - $00888.TW: possibly delisted; no price data found  (period=1d) (Yahoo error = "No data found, symbol may be delisted")
2026-03-29 11:56:01,327 - WARNING - No data returned for 00888
2026-03-29 11:56:01,327 - INFO - Fetching 1 days of data for 00900 from Yahoo Finance...
2026-03-29 11:56:01,408 - INFO - ✓ Fetched 1 rows for 00900
2026-03-29 11:56:01,413 - INFO - ✓ Stored 1 records for 00900
2026-03-29 11:56:01,413 - INFO - Fetching 1 days of data for 00919 from Yahoo Finance...
2026-03-29 11:56:01,490 - INFO - ✓ Fetched 1 rows for 00919
2026-03-29 11:56:01,495 - INFO - ✓ Stored 1 records for 00919
2026-03-29 11:56:01,495 - INFO - Completed: 88/188 stocks fetched
2026-03-29 11:56:01,495 - INFO - Generating EOD report...
2026-03-29 11:56:01,496 - INFO - Generating daily report...
2026-03-29 11:56:01,496 - ERROR - Market close routine failed: name 'sqlite3' is not defined
Traceback (most recent call last):
  File "/home/openclaw/.openclaw/workspace-stock/hello-bob/daily_schedule.py", line 154, in run_market_close_routine
    generate_report(str(report_file))
    ~~~~~~~~~~~~~~~^^^^^^^^^^^^^^^^^^
  File "/home/openclaw/.openclaw/workspace-stock/hello-bob/daily_report.py", line 220, in generate_report
    overview = generate_market_overview()
  File "/home/openclaw/.openclaw/workspace-stock/hello-bob/daily_report.py", line 45, in generate_market_overview
    conn = sqlite3.connect(DB_PATH)
           ^^^^^^^
NameError: name 'sqlite3' is not defined. Did you forget to import 'sqlite3'?
2026-03-29 11:56:01,496 - INFO - ============================================================
2026-03-29 11:56:01,496 - INFO - EVENING ANALYSIS (10:00 PM)
2026-03-29 11:56:01,496 - INFO - ============================================================
2026-03-29 11:56:01,497 - INFO - Running correlation analysis...
2026-03-29 11:56:01,497 - INFO - Starting correlation analysis...
2026-03-29 11:56:01,505 - INFO - Loaded data for 88 stocks
2026-03-29 11:56:01,514 - INFO - 
============================================================
2026-03-29 11:56:01,514 - INFO - CORRELATION MATRIX
2026-03-29 11:56:01,514 - INFO - ============================================================
2026-03-29 11:56:01,650 - INFO - 
============================================================
2026-03-29 11:56:01,650 - INFO - HIGHLY CORRELATED PAIRS (>0.7)
2026-03-29 11:56:01,650 - INFO - ============================================================
2026-03-29 11:56:01,654 - INFO - 
============================================================
2026-03-29 11:56:01,654 - INFO - SECTOR CORRELATIONS
2026-03-29 11:56:01,654 - INFO - ============================================================
2026-03-29 11:56:01,655 - INFO - Other: Avg Corr = nan
2026-03-29 11:56:01,655 - INFO -   Stocks: 0050, 006208, 00900, 00919, 1101, 1102, 1103, 1104, 1201, 1203, 1216, 1304, 1305, 1307, 1308, 1309, 1402, 2002, 2006, 2007, 2008, 2009, 2010, 2313, 2337, 2344, 2345, 2360, 2367, 2368, 2369, 2375, 2376, 2377, 2379, 2382, 2383, 2385, 2387, 2388, 2392, 2393, 2395, 2397, 2399, 2401, 2408, 2409, 2412, 2414, 2415, 2419, 2420, 2421, 2801, 2816, 2820, 2880, 2887, 2889, 2891, 2892, 2901, 2903, 2904, 2905, 2906, 2908, 2910, 2911, 2912, 2913, 2915, 2923, 2929, 2939, 2945
2026-03-29 11:56:01,655 - INFO - Traditional: Avg Corr = nan
2026-03-29 11:56:01,655 - INFO -   Stocks: 1301, 1303
2026-03-29 11:56:01,655 - INFO - Technology: Avg Corr = nan
2026-03-29 11:56:01,655 - INFO -   Stocks: 2308, 2317, 2330, 2353, 2357, 2454
2026-03-29 11:56:01,655 - INFO - Finance: Avg Corr = nan
2026-03-29 11:56:01,655 - INFO -   Stocks: 2881, 2882, 2886
2026-03-29 11:56:01,655 - INFO - ============================================================
2026-03-29 11:56:01,655 - INFO - Schedule complete: 3/5 successful
2026-03-29 11:56:01,655 - INFO - ============================================================
